

Started GET "/assets/rails.png" for 127.0.0.1 at 2013-05-24 14:12:26 -0400
Connecting to database specified by database.yml

PG::Error (FATAL:  role "VaxGame" does not exist
):
  activerecord (3.2.11) lib/active_record/connection_adapters/postgresql_adapter.rb:1208:in `initialize'
  activerecord (3.2.11) lib/active_record/connection_adapters/postgresql_adapter.rb:1208:in `new'
  activerecord (3.2.11) lib/active_record/connection_adapters/postgresql_adapter.rb:1208:in `connect'
  activerecord (3.2.11) lib/active_record/connection_adapters/postgresql_adapter.rb:326:in `initialize'
  activerecord (3.2.11) lib/active_record/connection_adapters/postgresql_adapter.rb:28:in `new'
  activerecord (3.2.11) lib/active_record/connection_adapters/postgresql_adapter.rb:28:in `postgresql_connection'
  activerecord (3.2.11) lib/active_record/connection_adapters/abstract/connection_pool.rb:315:in `new_connection'
  activerecord (3.2.11) lib/active_record/connection_adapters/abstract/connection_pool.rb:325:in `checkout_new_connection'
  activerecord (3.2.11) lib/active_record/connection_adapters/abstract/connection_pool.rb:247:in `block (2 levels) in checkout'
  activerecord (3.2.11) lib/active_record/connection_adapters/abstract/connection_pool.rb:242:in `loop'
  activerecord (3.2.11) lib/active_record/connection_adapters/abstract/connection_pool.rb:242:in `block in checkout'
  /usr/local/rvm/rubies/ruby-1.9.3-p194/lib/ruby/1.9.1/monitor.rb:211:in `mon_synchronize'
  activerecord (3.2.11) lib/active_record/connection_adapters/abstract/connection_pool.rb:239:in `checkout'
  activerecord (3.2.11) lib/active_record/connection_adapters/abstract/connection_pool.rb:102:in `block in connection'
  /usr/local/rvm/rubies/ruby-1.9.3-p194/lib/ruby/1.9.1/monitor.rb:211:in `mon_synchronize'
  activerecord (3.2.11) lib/active_record/connection_adapters/abstract/connection_pool.rb:101:in `connection'
  activerecord (3.2.11) lib/active_record/connection_adapters/abstract/connection_pool.rb:410:in `retrieve_connection'
  activerecord (3.2.11) lib/active_record/connection_adapters/abstract/connection_specification.rb:171:in `retrieve_connection'
  activerecord (3.2.11) lib/active_record/connection_adapters/abstract/connection_specification.rb:145:in `connection'
  activerecord (3.2.11) lib/active_record/query_cache.rb:67:in `rescue in call'
  activerecord (3.2.11) lib/active_record/query_cache.rb:61:in `call'
  activerecord (3.2.11) lib/active_record/connection_adapters/abstract/connection_pool.rb:479:in `call'
  actionpack (3.2.11) lib/action_dispatch/middleware/callbacks.rb:28:in `block in call'
  activesupport (3.2.11) lib/active_support/callbacks.rb:405:in `_run__1572106064236020135__call__2455778965220292941__callbacks'
  activesupport (3.2.11) lib/active_support/callbacks.rb:405:in `__run_callback'
  activesupport (3.2.11) lib/active_support/callbacks.rb:385:in `_run_call_callbacks'
  activesupport (3.2.11) lib/active_support/callbacks.rb:81:in `run_callbacks'
  actionpack (3.2.11) lib/action_dispatch/middleware/callbacks.rb:27:in `call'
  actionpack (3.2.11) lib/action_dispatch/middleware/reloader.rb:65:in `call'
  actionpack (3.2.11) lib/action_dispatch/middleware/remote_ip.rb:31:in `call'
  actionpack (3.2.11) lib/action_dispatch/middleware/debug_exceptions.rb:16:in `call'
  actionpack (3.2.11) lib/action_dispatch/middleware/show_exceptions.rb:56:in `call'
  railties (3.2.11) lib/rails/rack/logger.rb:32:in `call_app'
  railties (3.2.11) lib/rails/rack/logger.rb:16:in `block in call'
  activesupport (3.2.11) lib/active_support/tagged_logging.rb:22:in `tagged'
  railties (3.2.11) lib/rails/rack/logger.rb:16:in `call'
  actionpack (3.2.11) lib/action_dispatch/middleware/request_id.rb:22:in `call'
  rack (1.4.5) lib/rack/methodoverride.rb:21:in `call'
  rack (1.4.5) lib/rack/runtime.rb:17:in `call'
  activesupport (3.2.11) lib/active_support/cache/strategy/local_cache.rb:72:in `call'
  rack (1.4.5) lib/rack/lock.rb:15:in `call'
  actionpack (3.2.11) lib/action_dispatch/middleware/static.rb:62:in `call'
  railties (3.2.11) lib/rails/engine.rb:479:in `call'
  railties (3.2.11) lib/rails/application.rb:223:in `call'
  rack (1.4.5) lib/rack/content_length.rb:14:in `call'
  railties (3.2.11) lib/rails/rack/log_tailer.rb:17:in `call'
  rack (1.4.5) lib/rack/handler/webrick.rb:59:in `service'
  /usr/local/rvm/rubies/ruby-1.9.3-p194/lib/ruby/1.9.1/webrick/httpserver.rb:138:in `service'
  /usr/local/rvm/rubies/ruby-1.9.3-p194/lib/ruby/1.9.1/webrick/httpserver.rb:94:in `run'
  /usr/local/rvm/rubies/ruby-1.9.3-p194/lib/ruby/1.9.1/webrick/server.rb:191:in `block in start_thread'


  Rendered /usr/local/rvm/gems/ruby-1.9.3-p194/gems/actionpack-3.2.11/lib/action_dispatch/middleware/templates/rescues/_trace.erb (1.5ms)
  Rendered /usr/local/rvm/gems/ruby-1.9.3-p194/gems/actionpack-3.2.11/lib/action_dispatch/middleware/templates/rescues/_request_and_response.erb (2.7ms)
  Rendered /usr/local/rvm/gems/ruby-1.9.3-p194/gems/actionpack-3.2.11/lib/action_dispatch/middleware/templates/rescues/diagnostics.erb within rescues/layout (13.4ms)


Started GET "/users/1" for 127.0.0.1 at 2013-05-24 14:16:15 -0400

PG::Error (FATAL:  role "VaxGame" does not exist
):
  activerecord (3.2.11) lib/active_record/connection_adapters/postgresql_adapter.rb:1208:in `initialize'
  activerecord (3.2.11) lib/active_record/connection_adapters/postgresql_adapter.rb:1208:in `new'
  activerecord (3.2.11) lib/active_record/connection_adapters/postgresql_adapter.rb:1208:in `connect'
  activerecord (3.2.11) lib/active_record/connection_adapters/postgresql_adapter.rb:326:in `initialize'
  activerecord (3.2.11) lib/active_record/connection_adapters/postgresql_adapter.rb:28:in `new'
  activerecord (3.2.11) lib/active_record/connection_adapters/postgresql_adapter.rb:28:in `postgresql_connection'
  activerecord (3.2.11) lib/active_record/connection_adapters/abstract/connection_pool.rb:315:in `new_connection'
  activerecord (3.2.11) lib/active_record/connection_adapters/abstract/connection_pool.rb:325:in `checkout_new_connection'
  activerecord (3.2.11) lib/active_record/connection_adapters/abstract/connection_pool.rb:247:in `block (2 levels) in checkout'
  activerecord (3.2.11) lib/active_record/connection_adapters/abstract/connection_pool.rb:242:in `loop'
  activerecord (3.2.11) lib/active_record/connection_adapters/abstract/connection_pool.rb:242:in `block in checkout'
  /usr/local/rvm/rubies/ruby-1.9.3-p194/lib/ruby/1.9.1/monitor.rb:211:in `mon_synchronize'
  activerecord (3.2.11) lib/active_record/connection_adapters/abstract/connection_pool.rb:239:in `checkout'
  activerecord (3.2.11) lib/active_record/connection_adapters/abstract/connection_pool.rb:102:in `block in connection'
  /usr/local/rvm/rubies/ruby-1.9.3-p194/lib/ruby/1.9.1/monitor.rb:211:in `mon_synchronize'
  activerecord (3.2.11) lib/active_record/connection_adapters/abstract/connection_pool.rb:101:in `connection'
  activerecord (3.2.11) lib/active_record/connection_adapters/abstract/connection_pool.rb:410:in `retrieve_connection'
  activerecord (3.2.11) lib/active_record/connection_adapters/abstract/connection_specification.rb:171:in `retrieve_connection'
  activerecord (3.2.11) lib/active_record/connection_adapters/abstract/connection_specification.rb:145:in `connection'
  activerecord (3.2.11) lib/active_record/query_cache.rb:67:in `rescue in call'
  activerecord (3.2.11) lib/active_record/query_cache.rb:61:in `call'
  activerecord (3.2.11) lib/active_record/connection_adapters/abstract/connection_pool.rb:479:in `call'
  actionpack (3.2.11) lib/action_dispatch/middleware/callbacks.rb:28:in `block in call'
  activesupport (3.2.11) lib/active_support/callbacks.rb:405:in `_run__1572106064236020135__call__2455778965220292941__callbacks'
  activesupport (3.2.11) lib/active_support/callbacks.rb:405:in `__run_callback'
  activesupport (3.2.11) lib/active_support/callbacks.rb:385:in `_run_call_callbacks'
  activesupport (3.2.11) lib/active_support/callbacks.rb:81:in `run_callbacks'
  actionpack (3.2.11) lib/action_dispatch/middleware/callbacks.rb:27:in `call'
  actionpack (3.2.11) lib/action_dispatch/middleware/reloader.rb:65:in `call'
  actionpack (3.2.11) lib/action_dispatch/middleware/remote_ip.rb:31:in `call'
  actionpack (3.2.11) lib/action_dispatch/middleware/debug_exceptions.rb:16:in `call'
  actionpack (3.2.11) lib/action_dispatch/middleware/show_exceptions.rb:56:in `call'
  railties (3.2.11) lib/rails/rack/logger.rb:32:in `call_app'
  railties (3.2.11) lib/rails/rack/logger.rb:16:in `block in call'
  activesupport (3.2.11) lib/active_support/tagged_logging.rb:22:in `tagged'
  railties (3.2.11) lib/rails/rack/logger.rb:16:in `call'
  actionpack (3.2.11) lib/action_dispatch/middleware/request_id.rb:22:in `call'
  rack (1.4.5) lib/rack/methodoverride.rb:21:in `call'
  rack (1.4.5) lib/rack/runtime.rb:17:in `call'
  activesupport (3.2.11) lib/active_support/cache/strategy/local_cache.rb:72:in `call'
  rack (1.4.5) lib/rack/lock.rb:15:in `call'
  actionpack (3.2.11) lib/action_dispatch/middleware/static.rb:62:in `call'
  railties (3.2.11) lib/rails/engine.rb:479:in `call'
  railties (3.2.11) lib/rails/application.rb:223:in `call'
  rack (1.4.5) lib/rack/content_length.rb:14:in `call'
  railties (3.2.11) lib/rails/rack/log_tailer.rb:17:in `call'
  rack (1.4.5) lib/rack/handler/webrick.rb:59:in `service'
  /usr/local/rvm/rubies/ruby-1.9.3-p194/lib/ruby/1.9.1/webrick/httpserver.rb:138:in `service'
  /usr/local/rvm/rubies/ruby-1.9.3-p194/lib/ruby/1.9.1/webrick/httpserver.rb:94:in `run'
  /usr/local/rvm/rubies/ruby-1.9.3-p194/lib/ruby/1.9.1/webrick/server.rb:191:in `block in start_thread'


  Rendered /usr/local/rvm/gems/ruby-1.9.3-p194/gems/actionpack-3.2.11/lib/action_dispatch/middleware/templates/rescues/_trace.erb (1.6ms)
  Rendered /usr/local/rvm/gems/ruby-1.9.3-p194/gems/actionpack-3.2.11/lib/action_dispatch/middleware/templates/rescues/_request_and_response.erb (1.1ms)
  Rendered /usr/local/rvm/gems/ruby-1.9.3-p194/gems/actionpack-3.2.11/lib/action_dispatch/middleware/templates/rescues/diagnostics.erb within rescues/layout (9.7ms)


Started GET "/style.css" for 127.0.0.1 at 2013-05-24 14:20:18 -0400
Connecting to database specified by database.yml

PG::Error (FATAL:  role "VaxGame" does not exist
):
  activerecord (3.2.11) lib/active_record/connection_adapters/postgresql_adapter.rb:1208:in `initialize'
  activerecord (3.2.11) lib/active_record/connection_adapters/postgresql_adapter.rb:1208:in `new'
  activerecord (3.2.11) lib/active_record/connection_adapters/postgresql_adapter.rb:1208:in `connect'
  activerecord (3.2.11) lib/active_record/connection_adapters/postgresql_adapter.rb:326:in `initialize'
  activerecord (3.2.11) lib/active_record/connection_adapters/postgresql_adapter.rb:28:in `new'
  activerecord (3.2.11) lib/active_record/connection_adapters/postgresql_adapter.rb:28:in `postgresql_connection'
  activerecord (3.2.11) lib/active_record/connection_adapters/abstract/connection_pool.rb:315:in `new_connection'
  activerecord (3.2.11) lib/active_record/connection_adapters/abstract/connection_pool.rb:325:in `checkout_new_connection'
  activerecord (3.2.11) lib/active_record/connection_adapters/abstract/connection_pool.rb:247:in `block (2 levels) in checkout'
  activerecord (3.2.11) lib/active_record/connection_adapters/abstract/connection_pool.rb:242:in `loop'
  activerecord (3.2.11) lib/active_record/connection_adapters/abstract/connection_pool.rb:242:in `block in checkout'
  /usr/local/rvm/rubies/ruby-1.9.3-p194/lib/ruby/1.9.1/monitor.rb:211:in `mon_synchronize'
  activerecord (3.2.11) lib/active_record/connection_adapters/abstract/connection_pool.rb:239:in `checkout'
  activerecord (3.2.11) lib/active_record/connection_adapters/abstract/connection_pool.rb:102:in `block in connection'
  /usr/local/rvm/rubies/ruby-1.9.3-p194/lib/ruby/1.9.1/monitor.rb:211:in `mon_synchronize'
  activerecord (3.2.11) lib/active_record/connection_adapters/abstract/connection_pool.rb:101:in `connection'
  activerecord (3.2.11) lib/active_record/connection_adapters/abstract/connection_pool.rb:410:in `retrieve_connection'
  activerecord (3.2.11) lib/active_record/connection_adapters/abstract/connection_specification.rb:171:in `retrieve_connection'
  activerecord (3.2.11) lib/active_record/connection_adapters/abstract/connection_specification.rb:145:in `connection'
  activerecord (3.2.11) lib/active_record/query_cache.rb:67:in `rescue in call'
  activerecord (3.2.11) lib/active_record/query_cache.rb:61:in `call'
  activerecord (3.2.11) lib/active_record/connection_adapters/abstract/connection_pool.rb:479:in `call'
  actionpack (3.2.11) lib/action_dispatch/middleware/callbacks.rb:28:in `block in call'
  activesupport (3.2.11) lib/active_support/callbacks.rb:405:in `_run__2321856400273166683__call__3128295597351847438__callbacks'
  activesupport (3.2.11) lib/active_support/callbacks.rb:405:in `__run_callback'
  activesupport (3.2.11) lib/active_support/callbacks.rb:385:in `_run_call_callbacks'
  activesupport (3.2.11) lib/active_support/callbacks.rb:81:in `run_callbacks'
  actionpack (3.2.11) lib/action_dispatch/middleware/callbacks.rb:27:in `call'
  actionpack (3.2.11) lib/action_dispatch/middleware/reloader.rb:65:in `call'
  actionpack (3.2.11) lib/action_dispatch/middleware/remote_ip.rb:31:in `call'
  actionpack (3.2.11) lib/action_dispatch/middleware/debug_exceptions.rb:16:in `call'
  actionpack (3.2.11) lib/action_dispatch/middleware/show_exceptions.rb:56:in `call'
  railties (3.2.11) lib/rails/rack/logger.rb:32:in `call_app'
  railties (3.2.11) lib/rails/rack/logger.rb:16:in `block in call'
  activesupport (3.2.11) lib/active_support/tagged_logging.rb:22:in `tagged'
  railties (3.2.11) lib/rails/rack/logger.rb:16:in `call'
  actionpack (3.2.11) lib/action_dispatch/middleware/request_id.rb:22:in `call'
  rack (1.4.5) lib/rack/methodoverride.rb:21:in `call'
  rack (1.4.5) lib/rack/runtime.rb:17:in `call'
  activesupport (3.2.11) lib/active_support/cache/strategy/local_cache.rb:72:in `call'
  rack (1.4.5) lib/rack/lock.rb:15:in `call'
  actionpack (3.2.11) lib/action_dispatch/middleware/static.rb:62:in `call'
  railties (3.2.11) lib/rails/engine.rb:479:in `call'
  railties (3.2.11) lib/rails/application.rb:223:in `call'
  rack (1.4.5) lib/rack/content_length.rb:14:in `call'
  railties (3.2.11) lib/rails/rack/log_tailer.rb:17:in `call'
  rack (1.4.5) lib/rack/handler/webrick.rb:59:in `service'
  /usr/local/rvm/rubies/ruby-1.9.3-p194/lib/ruby/1.9.1/webrick/httpserver.rb:138:in `service'
  /usr/local/rvm/rubies/ruby-1.9.3-p194/lib/ruby/1.9.1/webrick/httpserver.rb:94:in `run'
  /usr/local/rvm/rubies/ruby-1.9.3-p194/lib/ruby/1.9.1/webrick/server.rb:191:in `block in start_thread'


  Rendered /usr/local/rvm/gems/ruby-1.9.3-p194/gems/actionpack-3.2.11/lib/action_dispatch/middleware/templates/rescues/_trace.erb (1.6ms)
  Rendered /usr/local/rvm/gems/ruby-1.9.3-p194/gems/actionpack-3.2.11/lib/action_dispatch/middleware/templates/rescues/_request_and_response.erb (3.0ms)
  Rendered /usr/local/rvm/gems/ruby-1.9.3-p194/gems/actionpack-3.2.11/lib/action_dispatch/middleware/templates/rescues/diagnostics.erb within rescues/layout (13.6ms)


Started GET "/love.lost.PNG" for 127.0.0.1 at 2013-05-24 14:20:18 -0400

PG::Error (FATAL:  role "VaxGame" does not exist
):
  activerecord (3.2.11) lib/active_record/connection_adapters/postgresql_adapter.rb:1208:in `initialize'
  activerecord (3.2.11) lib/active_record/connection_adapters/postgresql_adapter.rb:1208:in `new'
  activerecord (3.2.11) lib/active_record/connection_adapters/postgresql_adapter.rb:1208:in `connect'
  activerecord (3.2.11) lib/active_record/connection_adapters/postgresql_adapter.rb:326:in `initialize'
  activerecord (3.2.11) lib/active_record/connection_adapters/postgresql_adapter.rb:28:in `new'
  activerecord (3.2.11) lib/active_record/connection_adapters/postgresql_adapter.rb:28:in `postgresql_connection'
  activerecord (3.2.11) lib/active_record/connection_adapters/abstract/connection_pool.rb:315:in `new_connection'
  activerecord (3.2.11) lib/active_record/connection_adapters/abstract/connection_pool.rb:325:in `checkout_new_connection'
  activerecord (3.2.11) lib/active_record/connection_adapters/abstract/connection_pool.rb:247:in `block (2 levels) in checkout'
  activerecord (3.2.11) lib/active_record/connection_adapters/abstract/connection_pool.rb:242:in `loop'
  activerecord (3.2.11) lib/active_record/connection_adapters/abstract/connection_pool.rb:242:in `block in checkout'
  /usr/local/rvm/rubies/ruby-1.9.3-p194/lib/ruby/1.9.1/monitor.rb:211:in `mon_synchronize'
  activerecord (3.2.11) lib/active_record/connection_adapters/abstract/connection_pool.rb:239:in `checkout'
  activerecord (3.2.11) lib/active_record/connection_adapters/abstract/connection_pool.rb:102:in `block in connection'
  /usr/local/rvm/rubies/ruby-1.9.3-p194/lib/ruby/1.9.1/monitor.rb:211:in `mon_synchronize'
  activerecord (3.2.11) lib/active_record/connection_adapters/abstract/connection_pool.rb:101:in `connection'
  activerecord (3.2.11) lib/active_record/connection_adapters/abstract/connection_pool.rb:410:in `retrieve_connection'
  activerecord (3.2.11) lib/active_record/connection_adapters/abstract/connection_specification.rb:171:in `retrieve_connection'
  activerecord (3.2.11) lib/active_record/connection_adapters/abstract/connection_specification.rb:145:in `connection'
  activerecord (3.2.11) lib/active_record/query_cache.rb:67:in `rescue in call'
  activerecord (3.2.11) lib/active_record/query_cache.rb:61:in `call'
  activerecord (3.2.11) lib/active_record/connection_adapters/abstract/connection_pool.rb:479:in `call'
  actionpack (3.2.11) lib/action_dispatch/middleware/callbacks.rb:28:in `block in call'
  activesupport (3.2.11) lib/active_support/callbacks.rb:405:in `_run__2321856400273166683__call__3128295597351847438__callbacks'
  activesupport (3.2.11) lib/active_support/callbacks.rb:405:in `__run_callback'
  activesupport (3.2.11) lib/active_support/callbacks.rb:385:in `_run_call_callbacks'
  activesupport (3.2.11) lib/active_support/callbacks.rb:81:in `run_callbacks'
  actionpack (3.2.11) lib/action_dispatch/middleware/callbacks.rb:27:in `call'
  actionpack (3.2.11) lib/action_dispatch/middleware/reloader.rb:65:in `call'
  actionpack (3.2.11) lib/action_dispatch/middleware/remote_ip.rb:31:in `call'
  actionpack (3.2.11) lib/action_dispatch/middleware/debug_exceptions.rb:16:in `call'
  actionpack (3.2.11) lib/action_dispatch/middleware/show_exceptions.rb:56:in `call'
  railties (3.2.11) lib/rails/rack/logger.rb:32:in `call_app'
  railties (3.2.11) lib/rails/rack/logger.rb:16:in `block in call'
  activesupport (3.2.11) lib/active_support/tagged_logging.rb:22:in `tagged'
  railties (3.2.11) lib/rails/rack/logger.rb:16:in `call'
  actionpack (3.2.11) lib/action_dispatch/middleware/request_id.rb:22:in `call'
  rack (1.4.5) lib/rack/methodoverride.rb:21:in `call'
  rack (1.4.5) lib/rack/runtime.rb:17:in `call'
  activesupport (3.2.11) lib/active_support/cache/strategy/local_cache.rb:72:in `call'
  rack (1.4.5) lib/rack/lock.rb:15:in `call'
  actionpack (3.2.11) lib/action_dispatch/middleware/static.rb:62:in `call'
  railties (3.2.11) lib/rails/engine.rb:479:in `call'
  railties (3.2.11) lib/rails/application.rb:223:in `call'
  rack (1.4.5) lib/rack/content_length.rb:14:in `call'
  railties (3.2.11) lib/rails/rack/log_tailer.rb:17:in `call'
  rack (1.4.5) lib/rack/handler/webrick.rb:59:in `service'
  /usr/local/rvm/rubies/ruby-1.9.3-p194/lib/ruby/1.9.1/webrick/httpserver.rb:138:in `service'
  /usr/local/rvm/rubies/ruby-1.9.3-p194/lib/ruby/1.9.1/webrick/httpserver.rb:94:in `run'
  /usr/local/rvm/rubies/ruby-1.9.3-p194/lib/ruby/1.9.1/webrick/server.rb:191:in `block in start_thread'


  Rendered /usr/local/rvm/gems/ruby-1.9.3-p194/gems/actionpack-3.2.11/lib/action_dispatch/middleware/templates/rescues/_trace.erb (2.9ms)
  Rendered /usr/local/rvm/gems/ruby-1.9.3-p194/gems/actionpack-3.2.11/lib/action_dispatch/middleware/templates/rescues/_request_and_response.erb (1.3ms)
  Rendered /usr/local/rvm/gems/ruby-1.9.3-p194/gems/actionpack-3.2.11/lib/action_dispatch/middleware/templates/rescues/diagnostics.erb within rescues/layout (14.2ms)


Started GET "/bonquiqui.js" for 127.0.0.1 at 2013-05-24 14:20:18 -0400

PG::Error (FATAL:  role "VaxGame" does not exist
):
  activerecord (3.2.11) lib/active_record/connection_adapters/postgresql_adapter.rb:1208:in `initialize'
  activerecord (3.2.11) lib/active_record/connection_adapters/postgresql_adapter.rb:1208:in `new'
  activerecord (3.2.11) lib/active_record/connection_adapters/postgresql_adapter.rb:1208:in `connect'
  activerecord (3.2.11) lib/active_record/connection_adapters/postgresql_adapter.rb:326:in `initialize'
  activerecord (3.2.11) lib/active_record/connection_adapters/postgresql_adapter.rb:28:in `new'
  activerecord (3.2.11) lib/active_record/connection_adapters/postgresql_adapter.rb:28:in `postgresql_connection'
  activerecord (3.2.11) lib/active_record/connection_adapters/abstract/connection_pool.rb:315:in `new_connection'
  activerecord (3.2.11) lib/active_record/connection_adapters/abstract/connection_pool.rb:325:in `checkout_new_connection'
  activerecord (3.2.11) lib/active_record/connection_adapters/abstract/connection_pool.rb:247:in `block (2 levels) in checkout'
  activerecord (3.2.11) lib/active_record/connection_adapters/abstract/connection_pool.rb:242:in `loop'
  activerecord (3.2.11) lib/active_record/connection_adapters/abstract/connection_pool.rb:242:in `block in checkout'
  /usr/local/rvm/rubies/ruby-1.9.3-p194/lib/ruby/1.9.1/monitor.rb:211:in `mon_synchronize'
  activerecord (3.2.11) lib/active_record/connection_adapters/abstract/connection_pool.rb:239:in `checkout'
  activerecord (3.2.11) lib/active_record/connection_adapters/abstract/connection_pool.rb:102:in `block in connection'
  /usr/local/rvm/rubies/ruby-1.9.3-p194/lib/ruby/1.9.1/monitor.rb:211:in `mon_synchronize'
  activerecord (3.2.11) lib/active_record/connection_adapters/abstract/connection_pool.rb:101:in `connection'
  activerecord (3.2.11) lib/active_record/connection_adapters/abstract/connection_pool.rb:410:in `retrieve_connection'
  activerecord (3.2.11) lib/active_record/connection_adapters/abstract/connection_specification.rb:171:in `retrieve_connection'
  activerecord (3.2.11) lib/active_record/connection_adapters/abstract/connection_specification.rb:145:in `connection'
  activerecord (3.2.11) lib/active_record/query_cache.rb:67:in `rescue in call'
  activerecord (3.2.11) lib/active_record/query_cache.rb:61:in `call'
  activerecord (3.2.11) lib/active_record/connection_adapters/abstract/connection_pool.rb:479:in `call'
  actionpack (3.2.11) lib/action_dispatch/middleware/callbacks.rb:28:in `block in call'
  activesupport (3.2.11) lib/active_support/callbacks.rb:405:in `_run__2321856400273166683__call__3128295597351847438__callbacks'
  activesupport (3.2.11) lib/active_support/callbacks.rb:405:in `__run_callback'
  activesupport (3.2.11) lib/active_support/callbacks.rb:385:in `_run_call_callbacks'
  activesupport (3.2.11) lib/active_support/callbacks.rb:81:in `run_callbacks'
  actionpack (3.2.11) lib/action_dispatch/middleware/callbacks.rb:27:in `call'
  actionpack (3.2.11) lib/action_dispatch/middleware/reloader.rb:65:in `call'
  actionpack (3.2.11) lib/action_dispatch/middleware/remote_ip.rb:31:in `call'
  actionpack (3.2.11) lib/action_dispatch/middleware/debug_exceptions.rb:16:in `call'
  actionpack (3.2.11) lib/action_dispatch/middleware/show_exceptions.rb:56:in `call'
  railties (3.2.11) lib/rails/rack/logger.rb:32:in `call_app'
  railties (3.2.11) lib/rails/rack/logger.rb:16:in `block in call'
  activesupport (3.2.11) lib/active_support/tagged_logging.rb:22:in `tagged'
  railties (3.2.11) lib/rails/rack/logger.rb:16:in `call'
  actionpack (3.2.11) lib/action_dispatch/middleware/request_id.rb:22:in `call'
  rack (1.4.5) lib/rack/methodoverride.rb:21:in `call'
  rack (1.4.5) lib/rack/runtime.rb:17:in `call'
  activesupport (3.2.11) lib/active_support/cache/strategy/local_cache.rb:72:in `call'
  rack (1.4.5) lib/rack/lock.rb:15:in `call'
  actionpack (3.2.11) lib/action_dispatch/middleware/static.rb:62:in `call'
  railties (3.2.11) lib/rails/engine.rb:479:in `call'
  railties (3.2.11) lib/rails/application.rb:223:in `call'
  rack (1.4.5) lib/rack/content_length.rb:14:in `call'
  railties (3.2.11) lib/rails/rack/log_tailer.rb:17:in `call'
  rack (1.4.5) lib/rack/handler/webrick.rb:59:in `service'
  /usr/local/rvm/rubies/ruby-1.9.3-p194/lib/ruby/1.9.1/webrick/httpserver.rb:138:in `service'
  /usr/local/rvm/rubies/ruby-1.9.3-p194/lib/ruby/1.9.1/webrick/httpserver.rb:94:in `run'
  /usr/local/rvm/rubies/ruby-1.9.3-p194/lib/ruby/1.9.1/webrick/server.rb:191:in `block in start_thread'


  Rendered /usr/local/rvm/gems/ruby-1.9.3-p194/gems/actionpack-3.2.11/lib/action_dispatch/middleware/templates/rescues/_trace.erb (1.7ms)
  Rendered /usr/local/rvm/gems/ruby-1.9.3-p194/gems/actionpack-3.2.11/lib/action_dispatch/middleware/templates/rescues/_request_and_response.erb (1.2ms)
  Rendered /usr/local/rvm/gems/ruby-1.9.3-p194/gems/actionpack-3.2.11/lib/action_dispatch/middleware/templates/rescues/diagnostics.erb within rescues/layout (10.2ms)


Started GET "/data.json" for 127.0.0.1 at 2013-05-24 14:49:20 -0400

PG::Error (FATAL:  role "VaxGame" does not exist
):
  activerecord (3.2.11) lib/active_record/connection_adapters/postgresql_adapter.rb:1208:in `initialize'
  activerecord (3.2.11) lib/active_record/connection_adapters/postgresql_adapter.rb:1208:in `new'
  activerecord (3.2.11) lib/active_record/connection_adapters/postgresql_adapter.rb:1208:in `connect'
  activerecord (3.2.11) lib/active_record/connection_adapters/postgresql_adapter.rb:326:in `initialize'
  activerecord (3.2.11) lib/active_record/connection_adapters/postgresql_adapter.rb:28:in `new'
  activerecord (3.2.11) lib/active_record/connection_adapters/postgresql_adapter.rb:28:in `postgresql_connection'
  activerecord (3.2.11) lib/active_record/connection_adapters/abstract/connection_pool.rb:315:in `new_connection'
  activerecord (3.2.11) lib/active_record/connection_adapters/abstract/connection_pool.rb:325:in `checkout_new_connection'
  activerecord (3.2.11) lib/active_record/connection_adapters/abstract/connection_pool.rb:247:in `block (2 levels) in checkout'
  activerecord (3.2.11) lib/active_record/connection_adapters/abstract/connection_pool.rb:242:in `loop'
  activerecord (3.2.11) lib/active_record/connection_adapters/abstract/connection_pool.rb:242:in `block in checkout'
  /usr/local/rvm/rubies/ruby-1.9.3-p194/lib/ruby/1.9.1/monitor.rb:211:in `mon_synchronize'
  activerecord (3.2.11) lib/active_record/connection_adapters/abstract/connection_pool.rb:239:in `checkout'
  activerecord (3.2.11) lib/active_record/connection_adapters/abstract/connection_pool.rb:102:in `block in connection'
  /usr/local/rvm/rubies/ruby-1.9.3-p194/lib/ruby/1.9.1/monitor.rb:211:in `mon_synchronize'
  activerecord (3.2.11) lib/active_record/connection_adapters/abstract/connection_pool.rb:101:in `connection'
  activerecord (3.2.11) lib/active_record/connection_adapters/abstract/connection_pool.rb:410:in `retrieve_connection'
  activerecord (3.2.11) lib/active_record/connection_adapters/abstract/connection_specification.rb:171:in `retrieve_connection'
  activerecord (3.2.11) lib/active_record/connection_adapters/abstract/connection_specification.rb:145:in `connection'
  activerecord (3.2.11) lib/active_record/query_cache.rb:67:in `rescue in call'
  activerecord (3.2.11) lib/active_record/query_cache.rb:61:in `call'
  activerecord (3.2.11) lib/active_record/connection_adapters/abstract/connection_pool.rb:479:in `call'
  actionpack (3.2.11) lib/action_dispatch/middleware/callbacks.rb:28:in `block in call'
  activesupport (3.2.11) lib/active_support/callbacks.rb:405:in `_run__2321856400273166683__call__3128295597351847438__callbacks'
  activesupport (3.2.11) lib/active_support/callbacks.rb:405:in `__run_callback'
  activesupport (3.2.11) lib/active_support/callbacks.rb:385:in `_run_call_callbacks'
  activesupport (3.2.11) lib/active_support/callbacks.rb:81:in `run_callbacks'
  actionpack (3.2.11) lib/action_dispatch/middleware/callbacks.rb:27:in `call'
  actionpack (3.2.11) lib/action_dispatch/middleware/reloader.rb:65:in `call'
  actionpack (3.2.11) lib/action_dispatch/middleware/remote_ip.rb:31:in `call'
  actionpack (3.2.11) lib/action_dispatch/middleware/debug_exceptions.rb:16:in `call'
  actionpack (3.2.11) lib/action_dispatch/middleware/show_exceptions.rb:56:in `call'
  railties (3.2.11) lib/rails/rack/logger.rb:32:in `call_app'
  railties (3.2.11) lib/rails/rack/logger.rb:16:in `block in call'
  activesupport (3.2.11) lib/active_support/tagged_logging.rb:22:in `tagged'
  railties (3.2.11) lib/rails/rack/logger.rb:16:in `call'
  actionpack (3.2.11) lib/action_dispatch/middleware/request_id.rb:22:in `call'
  rack (1.4.5) lib/rack/methodoverride.rb:21:in `call'
  rack (1.4.5) lib/rack/runtime.rb:17:in `call'
  activesupport (3.2.11) lib/active_support/cache/strategy/local_cache.rb:72:in `call'
  rack (1.4.5) lib/rack/lock.rb:15:in `call'
  actionpack (3.2.11) lib/action_dispatch/middleware/static.rb:62:in `call'
  railties (3.2.11) lib/rails/engine.rb:479:in `call'
  railties (3.2.11) lib/rails/application.rb:223:in `call'
  rack (1.4.5) lib/rack/content_length.rb:14:in `call'
  railties (3.2.11) lib/rails/rack/log_tailer.rb:17:in `call'
  rack (1.4.5) lib/rack/handler/webrick.rb:59:in `service'
  /usr/local/rvm/rubies/ruby-1.9.3-p194/lib/ruby/1.9.1/webrick/httpserver.rb:138:in `service'
  /usr/local/rvm/rubies/ruby-1.9.3-p194/lib/ruby/1.9.1/webrick/httpserver.rb:94:in `run'
  /usr/local/rvm/rubies/ruby-1.9.3-p194/lib/ruby/1.9.1/webrick/server.rb:191:in `block in start_thread'


  Rendered /usr/local/rvm/gems/ruby-1.9.3-p194/gems/actionpack-3.2.11/lib/action_dispatch/middleware/templates/rescues/_trace.erb (1.9ms)
  Rendered /usr/local/rvm/gems/ruby-1.9.3-p194/gems/actionpack-3.2.11/lib/action_dispatch/middleware/templates/rescues/_request_and_response.erb (1.3ms)
  Rendered /usr/local/rvm/gems/ruby-1.9.3-p194/gems/actionpack-3.2.11/lib/action_dispatch/middleware/templates/rescues/diagnostics.erb within rescues/layout (11.4ms)
